<?xml version="1.0" encoding="UTF-8"?>
<testng-results ignored="0" total="2" passed="2" failed="0" skipped="0">
  <reporter-output>
  </reporter-output>
  <suite started-at="2022-04-18T13:43:38 IST" name="Suite" finished-at="2022-04-18T13:44:32 IST" duration-ms="53731">
    <groups>
    </groups>
    <test started-at="2022-04-18T13:43:38 IST" name="Test" finished-at="2022-04-18T13:44:32 IST" duration-ms="53731">
      <class name="tests.CreateProductAndManufacturingTest">
        <test-method is-config="true" signature="Setup()[pri:0, instance:tests.CreateProductAndManufacturingTest@353d0772]" started-at="2022-04-18T13:43:38 IST" name="Setup" finished-at="2022-04-18T13:43:44 IST" duration-ms="6310" status="PASS">
          <reporter-output>
          </reporter-output>
        </test-method> <!-- Setup -->
        <test-method signature="VerifyCreateProduct(java.lang.String)[pri:0, instance:tests.CreateProductAndManufacturingTest@353d0772]" started-at="2022-04-18T13:43:44 IST" name="VerifyCreateProduct" finished-at="2022-04-18T13:43:54 IST" duration-ms="9317" status="PASS">
          <params>
            <param index="0">
              <value>
                <![CDATA[CheesBurger2]]>
              </value>
            </param>
          </params>
          <reporter-output>
          </reporter-output>
        </test-method> <!-- VerifyCreateProduct -->
        <test-method signature="VerifyCreateManufacturingOrder(java.lang.String,java.lang.String)[pri:0, instance:tests.CreateProductAndManufacturingTest@353d0772]" started-at="2022-04-18T13:43:54 IST" name="VerifyCreateManufacturingOrder" finished-at="2022-04-18T13:44:31 IST" depends-on-methods="tests.CreateProductAndManufacturingTest.VerifyCreateProduct" duration-ms="37643" status="PASS">
          <params>
            <param index="0">
              <value>
                <![CDATA[CheesBurger2]]>
              </value>
            </param>
            <param index="1">
              <value>
                <![CDATA[3]]>
              </value>
            </param>
          </params>
          <reporter-output>
          </reporter-output>
        </test-method> <!-- VerifyCreateManufacturingOrder -->
        <test-method is-config="true" signature="TearDown()[pri:0, instance:tests.CreateProductAndManufacturingTest@353d0772]" started-at="2022-04-18T13:44:31 IST" name="TearDown" finished-at="2022-04-18T13:44:32 IST" duration-ms="404" status="PASS">
          <reporter-output>
          </reporter-output>
        </test-method> <!-- TearDown -->
      </class> <!-- tests.CreateProductAndManufacturingTest -->
    </test> <!-- Test -->
  </suite> <!-- Suite -->
</testng-results>
