<?xml version="1.0" encoding="UTF-8"?>
<!-- Generated by org.testng.reporters.JUnitXMLReporter -->
<testsuite ignored="0" hostname="ESS-70CCRQ2" failures="0" tests="2" name="Default test" time="23.502" errors="0" timestamp="2022-04-17T20:34:28 IST">
  <testcase classname="tests.CreateProductAndManufacturingTest" name="VerifyCreateProduct" time="10.015"/>
  <testcase classname="tests.CreateProductAndManufacturingTest" name="VerifyCreateManufacturingOrder" time="7.241"/>
</testsuite> <!-- Default test -->
