<?xml version="1.0" encoding="UTF-8"?>
<testng-results ignored="0" total="2" passed="2" failed="0" skipped="0">
  <reporter-output>
  </reporter-output>
  <suite started-at="2022-04-18T10:54:43 IST" name="Suite" finished-at="2022-04-18T10:55:36 IST" duration-ms="52830">
    <groups>
    </groups>
    <test started-at="2022-04-18T10:54:43 IST" name="Test" finished-at="2022-04-18T10:55:36 IST" duration-ms="52830">
      <class name="tests.CreateProductAndManufacturingTest">
        <test-method is-config="true" signature="Setup()[pri:0, instance:tests.CreateProductAndManufacturingTest@79924b]" started-at="2022-04-18T10:54:43 IST" name="Setup" finished-at="2022-04-18T10:54:47 IST" duration-ms="4009" status="PASS">
          <reporter-output>
          </reporter-output>
        </test-method> <!-- Setup -->
        <test-method signature="VerifyCreateProduct(java.lang.String)[pri:0, instance:tests.CreateProductAndManufacturingTest@79924b]" started-at="2022-04-18T10:54:47 IST" name="VerifyCreateProduct" finished-at="2022-04-18T10:54:55 IST" duration-ms="8092" status="PASS">
          <params>
            <param index="0">
              <value>
                <![CDATA[CheesBurger2]]>
              </value>
            </param>
          </params>
          <reporter-output>
          </reporter-output>
        </test-method> <!-- VerifyCreateProduct -->
        <test-method signature="VerifyCreateManufacturingOrder(java.lang.String,java.lang.String)[pri:0, instance:tests.CreateProductAndManufacturingTest@79924b]" started-at="2022-04-18T10:54:55 IST" name="VerifyCreateManufacturingOrder" finished-at="2022-04-18T10:55:32 IST" depends-on-methods="tests.CreateProductAndManufacturingTest.VerifyCreateProduct" duration-ms="36396" status="PASS">
          <params>
            <param index="0">
              <value>
                <![CDATA[CheesBurger2]]>
              </value>
            </param>
            <param index="1">
              <value>
                <![CDATA[3]]>
              </value>
            </param>
          </params>
          <reporter-output>
          </reporter-output>
        </test-method> <!-- VerifyCreateManufacturingOrder -->
        <test-method is-config="true" signature="TearDown()[pri:0, instance:tests.CreateProductAndManufacturingTest@79924b]" started-at="2022-04-18T10:55:32 IST" name="TearDown" finished-at="2022-04-18T10:55:36 IST" duration-ms="4299" status="PASS">
          <reporter-output>
          </reporter-output>
        </test-method> <!-- TearDown -->
      </class> <!-- tests.CreateProductAndManufacturingTest -->
    </test> <!-- Test -->
  </suite> <!-- Suite -->
</testng-results>
